{
  "RSpec": {
    "coverage": {
      "/Users/alinagoaga/Desktop/skills-workshops/week-9/AJAX-AceBook-React-Clone/spec/controllers/posts_controller_spec.rb": [
        1,
        null,
        1,
        null,
        8,
        1,
        7,
        null,
        null,
        1,
        1,
        1,
        0,
        null,
        null,
        null,
        1,
        1,
        1,
        1,
        null,
        null,
        1,
        1,
        1,
        null,
        null,
        null,
        1,
        1,
        1,
        1,
        null,
        null,
        null,
        1,
        1,
        1,
        1,
        1,
        null,
        null,
        null,
        null,
        1,
        1,
        1,
        1,
        1,
        null,
        null,
        1,
        2,
        null,
        1,
        1,
        1,
        1,
        null,
        null,
        null,
        null,
        null
      ],
      "/Users/alinagoaga/Desktop/skills-workshops/week-9/AJAX-AceBook-React-Clone/spec/rails_helper.rb": [
        null,
        1,
        1,
        null,
        1,
        1,
        1,
        null,
        null,
        null,
        null,
        null,
        null,
        null,
        null,
        null,
        null,
        null,
        null,
        null,
        null,
        null,
        null,
        null,
        null,
        null,
        1,
        null,
        1,
        null,
        1,
        1,
        null,
        null,
        null,
        null,
        1,
        null,
        null,
        null,
        null,
        null,
        null,
        null,
        null,
        null,
        null,
        null,
        null,
        null,
        null,
        1,
        null,
        null,
        1,
        null,
        null,
        null
      ],
      "/Users/alinagoaga/Desktop/skills-workshops/week-9/AJAX-AceBook-React-Clone/config/environment.rb": [
        null,
        1,
        null,
        null,
        1
      ],
      "/Users/alinagoaga/Desktop/skills-workshops/week-9/AJAX-AceBook-React-Clone/config/application.rb": [
        1,
        null,
        1,
        null,
        null,
        null,
        1,
        null,
        1,
        1,
        null,
        1,
        null,
        null,
        null,
        null,
        null,
        null
      ],
      "/Users/alinagoaga/Desktop/skills-workshops/week-9/AJAX-AceBook-React-Clone/config/boot.rb": [
        1,
        null,
        1
      ],
      "/Users/alinagoaga/Desktop/skills-workshops/week-9/AJAX-AceBook-React-Clone/config/environments/test.rb": [
        1,
        null,
        null,
        null,
        null,
        null,
        null,
        1,
        null,
        null,
        null,
        null,
        1,
        null,
        null,
        1,
        1,
        null,
        null,
        null,
        null,
        1,
        1,
        null,
        null,
        1,
        null,
        null,
        1,
        1,
        null,
        null,
        null,
        null,
        1,
        null,
        null,
        1,
        null,
        null,
        null,
        null
      ],
      "/Users/alinagoaga/Desktop/skills-workshops/week-9/AJAX-AceBook-React-Clone/config/initializers/application_controller_renderer.rb": [
        null,
        null,
        null,
        null,
        null,
        null
      ],
      "/Users/alinagoaga/Desktop/skills-workshops/week-9/AJAX-AceBook-React-Clone/config/initializers/assets.rb": [
        null,
        null,
        null,
        1,
        null,
        null,
        null,
        null,
        1,
        null,
        null,
        null,
        null,
        null
      ],
      "/Users/alinagoaga/Desktop/skills-workshops/week-9/AJAX-AceBook-React-Clone/config/initializers/backtrace_silencers.rb": [
        null,
        null,
        null,
        null,
        null,
        null,
        null
      ],
      "/Users/alinagoaga/Desktop/skills-workshops/week-9/AJAX-AceBook-React-Clone/config/initializers/cookies_serializer.rb": [
        null,
        null,
        null,
        null,
        1
      ],
      "/Users/alinagoaga/Desktop/skills-workshops/week-9/AJAX-AceBook-React-Clone/config/initializers/devise.rb": [
        null,
        null,
        null,
        null,
        1,
        null,
        null,
        null,
        null,
        null,
        null,
        null,
        null,
        null,
        null,
        null,
        null,
        null,
        null,
        null,
        1,
        null,
        null,
        null,
        null,
        null,
        null,
        null,
        null,
        null,
        null,
        null,
        1,
        null,
        null,
        null,
        null,
        null,
        null,
        null,
        null,
        null,
        null,
        null,
        null,
        null,
        null,
        null,
        null,
        null,
        null,
        null,
        null,
        null,
        1,
        null,
        null,
        null,
        null,
        1,
        null,
        null,
        null,
        null,
        null,
        null,
        null,
        null,
        null,
        null,
        null,
        null,
        null,
        null,
        null,
        null,
        null,
        null,
        null,
        null,
        null,
        null,
        null,
        null,
        null,
        null,
        null,
        null,
        null,
        null,
        1,
        null,
        null,
        null,
        null,
        null,
        null,
        null,
        null,
        null,
        null,
        null,
        null,
        null,
        null,
        null,
        null,
        null,
        null,
        null,
        null,
        null,
        null,
        1,
        null,
        null,
        null,
        null,
        null,
        null,
        null,
        null,
        null,
        null,
        null,
        null,
        null,
        null,
        null,
        null,
        null,
        null,
        null,
        null,
        null,
        null,
        null,
        null,
        null,
        null,
        null,
        null,
        null,
        null,
        1,
        null,
        null,
        null,
        null,
        null,
        null,
        null,
        null,
        null,
        1,
        null,
        null,
        null,
        null,
        null,
        null,
        null,
        null,
        null,
        null,
        1,
        null,
        null,
        null,
        null,
        1,
        null,
        null,
        null,
        null,
        null,
        null,
        null,
        null,
        null,
        null,
        null,
        null,
        null,
        null,
        null,
        null,
        null,
        null,
        null,
        null,
        null,
        null,
        null,
        null,
        null,
        null,
        null,
        null,
        null,
        null,
        null,
        null,
        null,
        null,
        null,
        null,
        null,
        null,
        null,
        null,
        1,
        null,
        null,
        null,
        null,
        null,
        null,
        null,
        null,
        null,
        null,
        null,
        null,
        null,
        null,
        null,
        null,
        null,
        null,
        null,
        null,
        null,
        null,
        null,
        null,
        null,
        null,
        null,
        null,
        null,
        null,
        null,
        null,
        null,
        null,
        null,
        null,
        null,
        null,
        null,
        null,
        null,
        1,
        null,
        null,
        null,
        null,
        null,
        null,
        null,
        null,
        null,
        null,
        null,
        null,
        null,
        null,
        null,
        null,
        null,
        null,
        null,
        null,
        null,
        null,
        null,
        null,
        null,
        null,
        null,
        null,
        null,
        null,
        null,
        null,
        null,
        null,
        null,
        null
      ],
      "/Users/alinagoaga/Desktop/skills-workshops/week-9/AJAX-AceBook-React-Clone/config/initializers/filter_parameter_logging.rb": [
        null,
        null,
        null,
        1
      ],
      "/Users/alinagoaga/Desktop/skills-workshops/week-9/AJAX-AceBook-React-Clone/config/initializers/inflections.rb": [
        null,
        null,
        null,
        null,
        null,
        null,
        null,
        null,
        null,
        null,
        null,
        null,
        null,
        null,
        null,
        null
      ],
      "/Users/alinagoaga/Desktop/skills-workshops/week-9/AJAX-AceBook-React-Clone/config/initializers/mime_types.rb": [
        null,
        null,
        null,
        null
      ],
      "/Users/alinagoaga/Desktop/skills-workshops/week-9/AJAX-AceBook-React-Clone/config/initializers/react_server_rendering.rb": [
        null,
        1
      ],
      "/Users/alinagoaga/Desktop/skills-workshops/week-9/AJAX-AceBook-React-Clone/config/initializers/wrap_parameters.rb": [
        null,
        null,
        null,
        null,
        null,
        null,
        1,
        2,
        null,
        null,
        null,
        null,
        null,
        null
      ],
      "/Users/alinagoaga/Desktop/skills-workshops/week-9/AJAX-AceBook-React-Clone/config/routes.rb": [
        1,
        1,
        null,
        1,
        null,
        1,
        1,
        1,
        1,
        1,
        1,
        null,
        null,
        null,
        null,
        null
      ],
      "/Users/alinagoaga/Desktop/skills-workshops/week-9/AJAX-AceBook-React-Clone/app/models/user.rb": [
        1,
        1,
        1,
        null,
        null,
        1,
        null,
        null
      ],
      "/Users/alinagoaga/Desktop/skills-workshops/week-9/AJAX-AceBook-React-Clone/app/models/application_record.rb": [
        1,
        1,
        null
      ],
      "/Users/alinagoaga/Desktop/skills-workshops/week-9/AJAX-AceBook-React-Clone/app/helpers/application_helper.rb": [
        1,
        null
      ],
      "/Users/alinagoaga/Desktop/skills-workshops/week-9/AJAX-AceBook-React-Clone/app/controllers/api/v1/posts_controller.rb": [
        1,
        null,
        1,
        null,
        1,
        1,
        null,
        null,
        1,
        2,
        2,
        2,
        null,
        null,
        1,
        1,
        null,
        null,
        1,
        2,
        2,
        2,
        null,
        null,
        1,
        null,
        1,
        4,
        null,
        null,
        null
      ],
      "/Users/alinagoaga/Desktop/skills-workshops/week-9/AJAX-AceBook-React-Clone/app/controllers/application_controller.rb": [
        1,
        1,
        null,
        1,
        null,
        null,
        1,
        0,
        null,
        null
      ],
      "/Users/alinagoaga/Desktop/skills-workshops/week-9/AJAX-AceBook-React-Clone/spec/models/post_spec.rb": [
        1,
        1,
        null,
        1,
        null,
        2,
        2,
        null,
        1,
        1,
        1,
        null,
        null,
        1,
        1,
        null,
        null,
        null
      ],
      "/Users/alinagoaga/Desktop/skills-workshops/week-9/AJAX-AceBook-React-Clone/app/models/post.rb": [
        1,
        1,
        1,
        null,
        1,
        2,
        null,
        null,
        null
      ],
      "/Users/alinagoaga/Desktop/skills-workshops/week-9/AJAX-AceBook-React-Clone/spec/models/user_spec.rb": [
        1,
        null,
        1,
        1,
        null
      ],
      "/Users/alinagoaga/Desktop/skills-workshops/week-9/AJAX-AceBook-React-Clone/app/models/comment.rb": [
        1,
        1,
        1,
        null
      ]
    },
    "timestamp": 1550334375
  }
}
